<?xml version='1.0' encoding='UTF-8'?>
<testsuite hostname="knoldus" name="controllertestSuits.AdminPageControllerSpec" tests="1" errors="0" failures="1" time="0.146">
                     <properties>
[...]
</properties>
                     <testcase classname="controllertestSuits.AdminPageControllerSpec" name="AdminPageController should suspend" time="0.146">
                                                 <failure message="java.lang.NullPointerException: null" type="sbt.ForkMain$ForkError">sbt.ForkMain$ForkError: java.lang.NullPointerException: null
	at controllers.AdminPageController$$anonfun$suspend$1.apply(AdminPageController.scala:15)
	at controllers.AdminPageController$$anonfun$suspend$1.apply(AdminPageController.scala:12)
	at play.api.mvc.ActionBuilder$$anonfun$apply$13.apply(Action.scala:371)
	at play.api.mvc.ActionBuilder$$anonfun$apply$13.apply(Action.scala:370)
	at play.api.mvc.Action$.invokeBlock(Action.scala:498)
	at play.api.mvc.Action$.invokeBlock(Action.scala:495)
	at play.api.mvc.ActionBuilder$$anon$2.apply(Action.scala:458)
	at controllertestSuits.AdminPageControllerSpec$$anonfun$1$$anonfun$apply$mcV$sp$1.apply$mcV$sp(AdminPageControllerSpec.scala:36)
	at controllertestSuits.AdminPageControllerSpec$$anonfun$1$$anonfun$apply$mcV$sp$1.apply(AdminPageControllerSpec.scala:28)
	at controllertestSuits.AdminPageControllerSpec$$anonfun$1$$anonfun$apply$mcV$sp$1.apply(AdminPageControllerSpec.scala:28)
	at org.scalatest.Transformer$$anonfun$apply$1.apply$mcV$sp(Transformer.scala:22)
	at org.scalatest.OutcomeOf$class.outcomeOf(OutcomeOf.scala:85)
	at org.scalatest.OutcomeOf$.outcomeOf(OutcomeOf.scala:104)
	at org.scalatest.Transformer.apply(Transformer.scala:22)
	at org.scalatest.Transformer.apply(Transformer.scala:20)
	at org.scalatest.WordSpecLike$$anon$1.apply(WordSpecLike.scala:953)
	at org.scalatest.Suite$class.withFixture(Suite.scala:1122)
	at controllertestSuits.AdminPageControllerSpec.org$scalatestplus$play$OneAppPerTest$$super$withFixture(AdminPageControllerSpec.scala:18)
	at org.scalatestplus.play.OneAppPerTest$$anonfun$withFixture$1.apply(OneAppPerTest.scala:90)
	at org.scalatestplus.play.OneAppPerTest$$anonfun$withFixture$1.apply(OneAppPerTest.scala:90)
	at play.api.test.PlayRunners$class.running(Helpers.scala:57)
	at play.api.test.Helpers$.running(Helpers.scala:382)
	at org.scalatestplus.play.OneAppPerTest$class.withFixture(OneAppPerTest.scala:89)
	at controllertestSuits.AdminPageControllerSpec.withFixture(AdminPageControllerSpec.scala:18)
	at org.scalatest.WordSpecLike$class.invokeWithFixture$1(WordSpecLike.scala:950)
	at org.scalatest.WordSpecLike$$anonfun$runTest$1.apply(WordSpecLike.scala:962)
	at org.scalatest.WordSpecLike$$anonfun$runTest$1.apply(WordSpecLike.scala:962)
	at org.scalatest.SuperEngine.runTestImpl(Engine.scala:306)
	at org.scalatest.WordSpecLike$class.runTest(WordSpecLike.scala:962)
	at org.scalatest.WordSpec.runTest(WordSpec.scala:1881)
	at org.scalatest.WordSpecLike$$anonfun$runTests$1.apply(WordSpecLike.scala:1021)
	at org.scalatest.WordSpecLike$$anonfun$runTests$1.apply(WordSpecLike.scala:1021)
	at org.scalatest.SuperEngine$$anonfun$traverseSubNodes$1$1.apply(Engine.scala:413)
	at org.scalatest.SuperEngine$$anonfun$traverseSubNodes$1$1.apply(Engine.scala:401)
	at scala.collection.immutable.List.foreach(List.scala:381)
	at org.scalatest.SuperEngine.traverseSubNodes$1(Engine.scala:401)
	at org.scalatest.SuperEngine.org$scalatest$SuperEngine$$runTestsInBranch(Engine.scala:390)
	at org.scalatest.SuperEngine$$anonfun$traverseSubNodes$1$1.apply(Engine.scala:427)
	at org.scalatest.SuperEngine$$anonfun$traverseSubNodes$1$1.apply(Engine.scala:401)
	at scala.collection.immutable.List.foreach(List.scala:381)
	at org.scalatest.SuperEngine.traverseSubNodes$1(Engine.scala:401)
	at org.scalatest.SuperEngine.org$scalatest$SuperEngine$$runTestsInBranch(Engine.scala:396)
	at org.scalatest.SuperEngine.runTestsImpl(Engine.scala:483)
	at org.scalatest.WordSpecLike$class.runTests(WordSpecLike.scala:1021)
	at org.scalatest.WordSpec.runTests(WordSpec.scala:1881)
	at org.scalatest.Suite$class.run(Suite.scala:1424)
	at org.scalatest.WordSpec.org$scalatest$WordSpecLike$$super$run(WordSpec.scala:1881)
	at org.scalatest.WordSpecLike$$anonfun$run$1.apply(WordSpecLike.scala:1067)
	at org.scalatest.WordSpecLike$$anonfun$run$1.apply(WordSpecLike.scala:1067)
	at org.scalatest.SuperEngine.runImpl(Engine.scala:545)
	at org.scalatest.WordSpecLike$class.run(WordSpecLike.scala:1067)
	at org.scalatest.WordSpec.run(WordSpec.scala:1881)
	at org.scalatest.tools.Framework.org$scalatest$tools$Framework$$runSuite(Framework.scala:357)
	at org.scalatest.tools.Framework$ScalaTestTask.execute(Framework.scala:502)
	at sbt.ForkMain$Run$2.call(ForkMain.java:296)
	at sbt.ForkMain$Run$2.call(ForkMain.java:286)
	at java.util.concurrent.FutureTask.run(FutureTask.java:266)
	at java.util.concurrent.ThreadPoolExecutor.runWorker(ThreadPoolExecutor.java:1142)
	at java.util.concurrent.ThreadPoolExecutor$Worker.run(ThreadPoolExecutor.java:617)
	at java.lang.Thread.run(Thread.java:745)
</failure>
                                               </testcase>
                     <system-out></system-out>
                     <system-err></system-err>
                   </testsuite>