<?xml version='1.0' encoding='UTF-8'?>
<testsuite hostname="knoldus" name="RoutesSpec" tests="6" errors="0" failures="0" time="0.986">
                     <properties>
[...]
</properties>
                     <testcase classname="RoutesSpec" name="HomeController should render the home page" time="0.188">
                                                 
                                               </testcase><testcase classname="RoutesSpec" name="HomeController should render the signup page" time="0.252">
                                                 
                                               </testcase><testcase classname="RoutesSpec" name="HomeController should render the login page" time="0.15">
                                                 
                                               </testcase><testcase classname="RoutesSpec" name="HomeController should render the Profile page" time="0.151">
                                                 
                                               </testcase><testcase classname="RoutesSpec" name="LoginController should render the Login page" time="0.131">
                                                 
                                               </testcase><testcase classname="RoutesSpec" name="ProfileController should render the home page after logiut" time="0.114">
                                                 
                                               </testcase>
                     <system-out></system-out>
                     <system-err></system-err>
                   </testsuite>